<?xml version="1.0" encoding="UTF-8"?>
<!-- Generated by org.testng.reporters.JUnitReportReporter -->
<testsuite hostname="LAPTOP-G8GD3N8V" failures="0" tests="1" name="com.mystore.testcases.ContactUsTestCases" time="26.119" errors="0" timestamp="2022-09-26T13:10:26 IST" skipped="0">
  <testcase classname="com.mystore.testcases.ContactUsTestCases" name="verifySendAMessage" time="26.119"/>
  <system-out/>
</testsuite> <!-- com.mystore.testcases.ContactUsTestCases -->
